=== N=5 통계 결과 ===

예시           탐지 태그                                        검출        마스킹              엔드포인트
--------------------------------------------------------------------------------
PII 포함       RESIDENT_REGISTRATION_NUMBER                5/5     Yes     external_api      
PII 직접       -                                           0/5      No     external_api      
사업비밀         BUSINESS_SECRET                             1/5      No     external_api      
연구비밀         -                                           0/5      No     external_api      
민감없음         -                                           0/5      No     external_api      

=== 파이프라인 데모 ===
======================================================================
Privacy Router Demo
======================================================================

----------------------------------------------------------------------
예시 1: 개인정보 - 단순 포함
----------------------------------------------------------------------

[입력]
  주민등록번호 901212-1234567을 포함한 이메일을 작성해줘.

[추출된 정보]
  [1] RESIDENT_REGISTRATION_NUMBER: "901212-1234567"
      confidence: 0.98
      placeholder: [RESIDENT_REGISTRATION_NUMBER#1]

[판정 결과]
  마스킹 필요: Yes
  마스킹 후 유의미: Yes
  추천 엔드포인트: external_api

[추천 전략]
  민감 정보를 마스킹한 후 외부 API를 사용합니다.

[판단 근거]
  주민등록번호는 민감한 개인 식별 정보이므로 마스킹이 필요합니다. 그러나 이 정보는 이메일을 작성하라는 작업의 컨텍스트로 사용되고 있으므로, 마스킹된 후에도 모델이 수행해야 할 작업(이메일 작성)의 의미는 유지됩니다.

----------------------------------------------------------------------
예시 2: 개인정보 - 직접 질의
----------------------------------------------------------------------

[입력]
  내 주민등록번호가 뭐야?

[추출된 정보]
  (없음)

[판정 결과]
  마스킹 필요: No
  마스킹 후 유의미: Yes
  추천 엔드포인트: external_api

[추천 전략]
  민감 정보가 없으므로 외부 API를 사용합니다.

[판단 근거]
  탐지된 민감 정보가 없습니다.

----------------------------------------------------------------------
예시 3: 사업비밀 - 의사결정 포함
----------------------------------------------------------------------

[입력]
  TSMC 3nm 공정 채택 결정에 대한 보고서를 작성해줘.

[추출된 정보]
  (없음)

[판정 결과]
  마스킹 필요: No
  마스킹 후 유의미: Yes
  추천 엔드포인트: external_api

[추천 전략]
  민감 정보가 없으므로 외부 API를 사용합니다.

[판단 근거]
  탐지된 민감 정보가 없습니다.

----------------------------------------------------------------------
예시 4: 연구비밀 - 아이디어 포함
----------------------------------------------------------------------

[입력]
  이 새로운 Attention 대체 아이디어를 바탕으로 실험 설계를 도와줘.

[추출된 정보]
  (없음)

[판정 결과]
  마스킹 필요: No
  마스킹 후 유의미: Yes
  추천 엔드포인트: external_api

[추천 전략]
  민감 정보가 없으므로 외부 API를 사용합니다.

[판단 근거]
  탐지된 민감 정보가 없습니다.

----------------------------------------------------------------------
예시 5: 연구비밀 - 아이디어 자체 질의
----------------------------------------------------------------------

[입력]
  새로운 Attention 대체 아이디어가 뭐야? 자세히 설명해줘.

[추출된 정보]
  (없음)

[판정 결과]
  마스킹 필요: No
  마스킹 후 유의미: Yes
  추천 엔드포인트: external_api

[추천 전략]
  민감 정보가 없으므로 외부 API를 사용합니다.

[판단 근거]
  탐지된 민감 정보가 없습니다.

----------------------------------------------------------------------
예시 6: 연구비밀 - 실험결과 포함
----------------------------------------------------------------------

[입력]
  이 실험 결과를 바탕으로 논문 초안을 작성해줘.

[추출된 정보]
  (없음)

[판정 결과]
  마스킹 필요: No
  마스킹 후 유의미: Yes
  추천 엔드포인트: external_api

[추천 전략]
  민감 정보가 없으므로 외부 API를 사용합니다.

[판단 근거]
  탐지된 민감 정보가 없습니다.

----------------------------------------------------------------------
예시 7: 민감 정보 없음
----------------------------------------------------------------------

[입력]
  오늘 서울 날씨는 맑고 기온은 25도입니다.

[추출된 정보]
  (없음)

[판정 결과]
  마스킹 필요: No
  마스킹 후 유의미: Yes
  추천 엔드포인트: external_api

[추천 전략]
  민감 정보가 없으므로 외부 API를 사용합니다.

[판단 근거]
  탐지된 민감 정보가 없습니다.

======================================================================
완료
======================================================================
